{
  "RSpec": {
    "coverage": {
      "/Users/kristinaodonnell/projects/do_it_all_again/airport_challenge/spec/airport_spec.rb": [
        1,
        1,
        null,
        1,
        null,
        1,
        2,
        null,
        null,
        1,
        2,
        null,
        null,
        1,
        1,
        1,
        1,
        1,
        null,
        null,
        null,
        1,
        1,
        1,
        7,
        2,
        null,
        null,
        null,
        null,
        null,
        null,
        null,
        null,
        null,
        null,
        null,
        null,
        null,
        null,
        null
      ],
      "/Users/kristinaodonnell/projects/do_it_all_again/airport_challenge/lib/airport.rb": [
        1,
        null,
        1,
        null,
        1,
        null,
        1,
        1,
        null,
        1,
        8,
        8,
        null,
        null,
        1,
        1,
        null,
        null,
        1,
        16,
        14,
        14,
        null,
        null,
        null
      ],
      "/Users/kristinaodonnell/projects/do_it_all_again/airport_challenge/lib/plane.rb": [
        1,
        null,
        1,
        null,
        1,
        null,
        1,
        23,
        null,
        null,
        1,
        15,
        null,
        null,
        1,
        2,
        null,
        null,
        null
      ],
      "/Users/kristinaodonnell/projects/do_it_all_again/airport_challenge/spec/feature/grand_finale_spec.rb": [
        1,
        1,
        1,
        null,
        1,
        1,
        1,
        1,
        1,
        1,
        1,
        null,
        null,
        null,
        1,
        1,
        1,
        1,
        1,
        1,
        null,
        null,
        null,
        1,
        1,
        1,
        1,
        7,
        2,
        null,
        null,
        null,
        null,
        null,
        null,
        null,
        null,
        null,
        null,
        null,
        null,
        null,
        null,
        null,
        null,
        null,
        null,
        null,
        null,
        null
      ],
      "/Users/kristinaodonnell/projects/do_it_all_again/airport_challenge/spec/plane_spec.rb": [
        1,
        1,
        null,
        1,
        null,
        1,
        2,
        null,
        null,
        1,
        2,
        null,
        null,
        1,
        1,
        null,
        null,
        1,
        1,
        1,
        null,
        null,
        1,
        1,
        1,
        null,
        null,
        null
      ]
    },
    "timestamp": 1441029650
  }
}
